{"C:\\Users\\HP\\Desktop\\Todolist\\src\\Module\\edit.js": {"path":"C:\\Users\\HP\\Desktop\\Todolist\\src\\Module\\edit.js","statementMap":{"0":{"start":{"line":1,"column":23},"end":{"line":18,"column":1}},"1":{"start":{"line":2,"column":2},"end":{"line":16,"column":3}},"2":{"start":{"line":3,"column":4},"end":{"line":9,"column":6}},"3":{"start":{"line":11,"column":4},"end":{"line":15,"column":7}},"4":{"start":{"line":17,"column":2},"end":{"line":17,"column":18}},"5":{"start":{"line":20,"column":26},"end":{"line":32,"column":1}},"6":{"start":{"line":21,"column":20},"end":{"line":22,"column":35}},"7":{"start":{"line":23,"column":20},"end":{"line":25,"column":3}},"8":{"start":{"line":24,"column":14},"end":{"line":24,"column":44}},"9":{"start":{"line":26,"column":2},"end":{"line":26,"column":32}},"10":{"start":{"line":27,"column":2},"end":{"line":29,"column":5}},"11":{"start":{"line":28,"column":4},"end":{"line":28,"column":33}},"12":{"start":{"line":30,"column":2},"end":{"line":30,"column":49}},"13":{"start":{"line":31,"column":2},"end":{"line":31,"column":18}}},"fnMap":{"0":{"name":"(anonymous_0)","decl":{"start":{"line":1,"column":23},"end":{"line":1,"column":24}},"loc":{"start":{"line":1,"column":43},"end":{"line":18,"column":1}},"line":1},"1":{"name":"(anonymous_1)","decl":{"start":{"line":20,"column":26},"end":{"line":20,"column":27}},"loc":{"start":{"line":20,"column":51},"end":{"line":32,"column":1}},"line":20},"2":{"name":"(anonymous_2)","decl":{"start":{"line":24,"column":4},"end":{"line":24,"column":5}},"loc":{"start":{"line":24,"column":14},"end":{"line":24,"column":44}},"line":24},"3":{"name":"(anonymous_3)","decl":{"start":{"line":27,"column":19},"end":{"line":27,"column":20}},"loc":{"start":{"line":27,"column":42},"end":{"line":29,"column":3}},"line":27}},"branchMap":{"0":{"loc":{"start":{"line":2,"column":2},"end":{"line":16,"column":3}},"type":"if","locations":[{"start":{"line":2,"column":2},"end":{"line":16,"column":3}},{"start":{"line":10,"column":9},"end":{"line":16,"column":3}}],"line":2}},"s":{"0":1,"1":15,"2":0,"3":15,"4":15,"5":1,"6":4,"7":4,"8":2,"9":4,"10":4,"11":1,"12":4,"13":4},"f":{"0":15,"1":4,"2":2,"3":1},"b":{"0":[0,15]},"_coverageSchema":"1a1c01bbd47fc00a2c39e90264f33305004495a9","hash":"3c83776ec3d30a954f760ad4328e62f64ed73232"}
,"C:\\Users\\HP\\Desktop\\Todolist\\src\\Module\\storage.js": {"path":"C:\\Users\\HP\\Desktop\\Todolist\\src\\Module\\storage.js","statementMap":{"0":{"start":{"line":1,"column":24},"end":{"line":1,"column":77}},"1":{"start":{"line":1,"column":30},"end":{"line":1,"column":77}},"2":{"start":{"line":3,"column":24},"end":{"line":5,"column":1}},"3":{"start":{"line":4,"column":2},"end":{"line":4,"column":54}}},"fnMap":{"0":{"name":"(anonymous_0)","decl":{"start":{"line":1,"column":24},"end":{"line":1,"column":25}},"loc":{"start":{"line":1,"column":30},"end":{"line":1,"column":77}},"line":1},"1":{"name":"(anonymous_1)","decl":{"start":{"line":3,"column":24},"end":{"line":3,"column":25}},"loc":{"start":{"line":3,"column":34},"end":{"line":5,"column":1}},"line":3}},"branchMap":{"0":{"loc":{"start":{"line":1,"column":30},"end":{"line":1,"column":77}},"type":"binary-expr","locations":[{"start":{"line":1,"column":30},"end":{"line":1,"column":71}},{"start":{"line":1,"column":75},"end":{"line":1,"column":77}}],"line":1}},"s":{"0":1,"1":28,"2":1,"3":20},"f":{"0":28,"1":20},"b":{"0":[28,3]},"_coverageSchema":"1a1c01bbd47fc00a2c39e90264f33305004495a9","hash":"0f466a6d39c37ad657400111a16aa3e65e3a6b7c"}
,"C:\\Users\\HP\\Desktop\\Todolist\\src\\Module\\ui.js": {"path":"C:\\Users\\HP\\Desktop\\Todolist\\src\\Module\\ui.js","statementMap":{"0":{"start":{"line":3,"column":30},"end":{"line":16,"column":1}},"1":{"start":{"line":4,"column":2},"end":{"line":15,"column":4}},"2":{"start":{"line":18,"column":23},"end":{"line":49,"column":1}},"3":{"start":{"line":19,"column":15},"end":{"line":19,"column":56}},"4":{"start":{"line":20,"column":2},"end":{"line":20,"column":22}},"5":{"start":{"line":21,"column":2},"end":{"line":48,"column":3}},"6":{"start":{"line":22,"column":4},"end":{"line":47,"column":7}},"7":{"start":{"line":23,"column":30},"end":{"line":23,"column":34}},"8":{"start":{"line":24,"column":6},"end":{"line":24,"column":40}},"9":{"start":{"line":25,"column":20},"end":{"line":25,"column":64}},"10":{"start":{"line":26,"column":25},"end":{"line":26,"column":65}},"11":{"start":{"line":27,"column":23},"end":{"line":27,"column":62}},"12":{"start":{"line":28,"column":24},"end":{"line":28,"column":63}},"13":{"start":{"line":29,"column":25},"end":{"line":29,"column":74}},"14":{"start":{"line":30,"column":6},"end":{"line":39,"column":9}},"15":{"start":{"line":31,"column":8},"end":{"line":38,"column":11}},"16":{"start":{"line":32,"column":10},"end":{"line":32,"column":40}},"17":{"start":{"line":33,"column":10},"end":{"line":33,"column":50}},"18":{"start":{"line":34,"column":10},"end":{"line":34,"column":53}},"19":{"start":{"line":35,"column":10},"end":{"line":35,"column":53}},"20":{"start":{"line":36,"column":10},"end":{"line":36,"column":68}},"21":{"start":{"line":37,"column":10},"end":{"line":37,"column":29}},"22":{"start":{"line":41,"column":6},"end":{"line":46,"column":9}},"23":{"start":{"line":42,"column":8},"end":{"line":45,"column":9}},"24":{"start":{"line":43,"column":10},"end":{"line":43,"column":34}},"25":{"start":{"line":44,"column":10},"end":{"line":44,"column":67}},"26":{"start":{"line":51,"column":16},"end":{"line":62,"column":1}},"27":{"start":{"line":52,"column":19},"end":{"line":52,"column":21}},"28":{"start":{"line":53,"column":2},"end":{"line":60,"column":5}},"29":{"start":{"line":54,"column":21},"end":{"line":54,"column":48}},"30":{"start":{"line":55,"column":4},"end":{"line":59,"column":7}},"31":{"start":{"line":61,"column":2},"end":{"line":61,"column":18}},"32":{"start":{"line":64,"column":20},"end":{"line":74,"column":1}},"33":{"start":{"line":65,"column":20},"end":{"line":65,"column":55}},"34":{"start":{"line":66,"column":2},"end":{"line":71,"column":3}},"35":{"start":{"line":67,"column":4},"end":{"line":67,"column":72}},"36":{"start":{"line":68,"column":4},"end":{"line":68,"column":32}},"37":{"start":{"line":70,"column":4},"end":{"line":70,"column":60}},"38":{"start":{"line":72,"column":18},"end":{"line":72,"column":58}},"39":{"start":{"line":73,"column":2},"end":{"line":73,"column":26}}},"fnMap":{"0":{"name":"(anonymous_0)","decl":{"start":{"line":3,"column":30},"end":{"line":3,"column":31}},"loc":{"start":{"line":3,"column":53},"end":{"line":16,"column":1}},"line":3},"1":{"name":"(anonymous_1)","decl":{"start":{"line":18,"column":23},"end":{"line":18,"column":24}},"loc":{"start":{"line":18,"column":37},"end":{"line":49,"column":1}},"line":18},"2":{"name":"(anonymous_2)","decl":{"start":{"line":22,"column":21},"end":{"line":22,"column":22}},"loc":{"start":{"line":22,"column":31},"end":{"line":47,"column":5}},"line":22},"3":{"name":"(anonymous_3)","decl":{"start":{"line":30,"column":23},"end":{"line":30,"column":24}},"loc":{"start":{"line":30,"column":43},"end":{"line":39,"column":7}},"line":30},"4":{"name":"(anonymous_4)","decl":{"start":{"line":31,"column":42},"end":{"line":31,"column":43}},"loc":{"start":{"line":31,"column":48},"end":{"line":38,"column":9}},"line":31},"5":{"name":"(anonymous_5)","decl":{"start":{"line":41,"column":25},"end":{"line":41,"column":26}},"loc":{"start":{"line":41,"column":46},"end":{"line":46,"column":7}},"line":41},"6":{"name":"(anonymous_6)","decl":{"start":{"line":51,"column":16},"end":{"line":51,"column":17}},"loc":{"start":{"line":51,"column":27},"end":{"line":62,"column":1}},"line":51},"7":{"name":"(anonymous_7)","decl":{"start":{"line":53,"column":16},"end":{"line":53,"column":17}},"loc":{"start":{"line":53,"column":33},"end":{"line":60,"column":3}},"line":53},"8":{"name":"(anonymous_8)","decl":{"start":{"line":64,"column":20},"end":{"line":64,"column":21}},"loc":{"start":{"line":64,"column":41},"end":{"line":74,"column":1}},"line":64}},"branchMap":{"0":{"loc":{"start":{"line":21,"column":2},"end":{"line":48,"column":3}},"type":"if","locations":[{"start":{"line":21,"column":2},"end":{"line":48,"column":3}},{"start":{},"end":{}}],"line":21},"1":{"loc":{"start":{"line":42,"column":8},"end":{"line":45,"column":9}},"type":"if","locations":[{"start":{"line":42,"column":8},"end":{"line":45,"column":9}},{"start":{},"end":{}}],"line":42},"2":{"loc":{"start":{"line":66,"column":2},"end":{"line":71,"column":3}},"type":"if","locations":[{"start":{"line":66,"column":2},"end":{"line":71,"column":3}},{"start":{"line":69,"column":9},"end":{"line":71,"column":3}}],"line":66}},"s":{"0":1,"1":14,"2":1,"3":0,"4":0,"5":0,"6":0,"7":0,"8":0,"9":0,"10":0,"11":0,"12":0,"13":0,"14":0,"15":0,"16":0,"17":0,"18":0,"19":0,"20":0,"21":0,"22":0,"23":0,"24":0,"25":0,"26":1,"27":2,"28":2,"29":4,"30":4,"31":2,"32":1,"33":2,"34":2,"35":2,"36":2,"37":0,"38":2,"39":2},"f":{"0":14,"1":0,"2":0,"3":0,"4":0,"5":0,"6":2,"7":4,"8":2},"b":{"0":[0,0],"1":[0,0],"2":[2,0]},"_coverageSchema":"1a1c01bbd47fc00a2c39e90264f33305004495a9","hash":"12dbfe1e424fe1f47d81ec8d23335420220d708b"}
,"C:\\Users\\HP\\Desktop\\Todolist\\src\\Module\\update.js": {"path":"C:\\Users\\HP\\Desktop\\Todolist\\src\\Module\\update.js","statementMap":{"0":{"start":{"line":1,"column":24},"end":{"line":9,"column":1}},"1":{"start":{"line":2,"column":2},"end":{"line":4,"column":3}},"2":{"start":{"line":3,"column":4},"end":{"line":3,"column":58}},"3":{"start":{"line":3,"column":41},"end":{"line":3,"column":56}},"4":{"start":{"line":5,"column":2},"end":{"line":7,"column":5}},"5":{"start":{"line":6,"column":4},"end":{"line":6,"column":33}},"6":{"start":{"line":8,"column":2},"end":{"line":8,"column":18}},"7":{"start":{"line":12,"column":24},"end":{"line":16,"column":1}},"8":{"start":{"line":13,"column":16},"end":{"line":13,"column":71}},"9":{"start":{"line":14,"column":2},"end":{"line":14,"column":37}},"10":{"start":{"line":15,"column":2},"end":{"line":15,"column":18}},"11":{"start":{"line":19,"column":26},"end":{"line":26,"column":1}},"12":{"start":{"line":20,"column":16},"end":{"line":20,"column":71}},"13":{"start":{"line":21,"column":20},"end":{"line":21,"column":56}},"14":{"start":{"line":22,"column":2},"end":{"line":22,"column":35}},"15":{"start":{"line":23,"column":2},"end":{"line":23,"column":28}},"16":{"start":{"line":24,"column":2},"end":{"line":24,"column":51}},"17":{"start":{"line":25,"column":2},"end":{"line":25,"column":18}}},"fnMap":{"0":{"name":"(anonymous_0)","decl":{"start":{"line":1,"column":24},"end":{"line":1,"column":25}},"loc":{"start":{"line":1,"column":38},"end":{"line":9,"column":1}},"line":1},"1":{"name":"(anonymous_1)","decl":{"start":{"line":3,"column":31},"end":{"line":3,"column":32}},"loc":{"start":{"line":3,"column":41},"end":{"line":3,"column":56}},"line":3},"2":{"name":"(anonymous_2)","decl":{"start":{"line":5,"column":19},"end":{"line":5,"column":20}},"loc":{"start":{"line":5,"column":42},"end":{"line":7,"column":3}},"line":5},"3":{"name":"(anonymous_3)","decl":{"start":{"line":12,"column":24},"end":{"line":12,"column":25}},"loc":{"start":{"line":12,"column":62},"end":{"line":16,"column":1}},"line":12},"4":{"name":"(anonymous_4)","decl":{"start":{"line":19,"column":26},"end":{"line":19,"column":27}},"loc":{"start":{"line":19,"column":58},"end":{"line":26,"column":1}},"line":19}},"branchMap":{"0":{"loc":{"start":{"line":2,"column":2},"end":{"line":4,"column":3}},"type":"if","locations":[{"start":{"line":2,"column":2},"end":{"line":4,"column":3}},{"start":{},"end":{}}],"line":2}},"s":{"0":1,"1":1,"2":1,"3":1,"4":1,"5":0,"6":1,"7":1,"8":1,"9":1,"10":1,"11":1,"12":2,"13":2,"14":2,"15":2,"16":2,"17":2},"f":{"0":1,"1":1,"2":0,"3":1,"4":2},"b":{"0":[1,0]},"_coverageSchema":"1a1c01bbd47fc00a2c39e90264f33305004495a9","hash":"db89b9f7b25c7a447237672b253d443d7d8270b9"}
}
