TN:
SF:src\Module\edit.js
FN:1,(anonymous_0)
FN:20,(anonymous_1)
FN:24,(anonymous_2)
FN:27,(anonymous_3)
FNF:4
FNH:4
FNDA:15,(anonymous_0)
FNDA:4,(anonymous_1)
FNDA:2,(anonymous_2)
FNDA:1,(anonymous_3)
DA:1,1
DA:2,15
DA:3,0
DA:11,15
DA:17,15
DA:20,1
DA:21,4
DA:23,4
DA:24,2
DA:26,4
DA:27,4
DA:28,1
DA:30,4
DA:31,4
LF:14
LH:13
BRDA:2,0,0,0
BRDA:2,0,1,15
BRF:2
BRH:1
end_of_record
TN:
SF:src\Module\storage.js
FN:1,(anonymous_0)
FN:3,(anonymous_1)
FNF:2
FNH:2
FNDA:28,(anonymous_0)
FNDA:20,(anonymous_1)
DA:1,28
DA:3,1
DA:4,20
LF:3
LH:3
BRDA:1,0,0,28
BRDA:1,0,1,3
BRF:2
BRH:2
end_of_record
TN:
SF:src\Module\ui.js
FN:3,(anonymous_0)
FN:18,(anonymous_1)
FN:22,(anonymous_2)
FN:30,(anonymous_3)
FN:31,(anonymous_4)
FN:41,(anonymous_5)
FN:51,(anonymous_6)
FN:53,(anonymous_7)
FN:64,(anonymous_8)
FNF:9
FNH:4
FNDA:14,(anonymous_0)
FNDA:0,(anonymous_1)
FNDA:0,(anonymous_2)
FNDA:0,(anonymous_3)
FNDA:0,(anonymous_4)
FNDA:0,(anonymous_5)
FNDA:2,(anonymous_6)
FNDA:4,(anonymous_7)
FNDA:2,(anonymous_8)
DA:3,1
DA:4,14
DA:18,1
DA:19,0
DA:20,0
DA:21,0
DA:22,0
DA:23,0
DA:24,0
DA:25,0
DA:26,0
DA:27,0
DA:28,0
DA:29,0
DA:30,0
DA:31,0
DA:32,0
DA:33,0
DA:34,0
DA:35,0
DA:36,0
DA:37,0
DA:41,0
DA:42,0
DA:43,0
DA:44,0
DA:51,1
DA:52,2
DA:53,2
DA:54,4
DA:55,4
DA:61,2
DA:64,1
DA:65,2
DA:66,2
DA:67,2
DA:68,2
DA:70,0
DA:72,2
DA:73,2
LF:40
LH:16
BRDA:21,0,0,0
BRDA:21,0,1,0
BRDA:42,1,0,0
BRDA:42,1,1,0
BRDA:66,2,0,2
BRDA:66,2,1,0
BRF:6
BRH:1
end_of_record
TN:
SF:src\Module\update.js
FN:1,(anonymous_0)
FN:3,(anonymous_1)
FN:5,(anonymous_2)
FN:12,(anonymous_3)
FN:19,(anonymous_4)
FNF:5
FNH:4
FNDA:1,(anonymous_0)
FNDA:1,(anonymous_1)
FNDA:0,(anonymous_2)
FNDA:1,(anonymous_3)
FNDA:2,(anonymous_4)
DA:1,1
DA:2,1
DA:3,1
DA:5,1
DA:6,0
DA:8,1
DA:12,1
DA:13,1
DA:14,1
DA:15,1
DA:19,1
DA:20,2
DA:21,2
DA:22,2
DA:23,2
DA:24,2
DA:25,2
LF:17
LH:16
BRDA:2,0,0,1
BRDA:2,0,1,0
BRF:2
BRH:1
end_of_record
